2024-03-07 01:39:04,038 [INFO] Activator:176 - 


2024-03-07 01:39:04,040 [INFO] Activator:177 - !SESSION log4j initialized
2024-03-07 01:39:06,021 [INFO] LogOutputStream:77 - [STDOUT_REDIRECT] 
2024-03-07 01:39:08,679 [INFO] ApplicationProperties:184 - Using Application install path: /opt/st/stm32cubeide_1.14.0/plugins/com.st.stm32cube.common.mx_6.10.0.202311202037
2024-03-07 01:39:08,694 [INFO] DbMcusXml:78 - Set database path to: /opt/st/stm32cubeide_1.14.0/plugins/com.st.stm32cube.common.mx_6.10.0.202311202037//db//mcu/
2024-03-07 01:39:08,695 [INFO] ApiDb:274 - Set plugin database path to: /opt/st/stm32cubeide_1.14.0/plugins/com.st.stm32cube.common.mx_6.10.0.202311202037//db//plugins/boardmanager/
2024-03-07 01:39:08,695 [WARN] ApiDb:259 - Overriding images path with different value:  => /opt/st/stm32cubeide_1.14.0/plugins/com.st.stm32cube.common.mx_6.10.0.202311202037//db//plugins/mcufinder/images/
2024-03-07 01:39:08,699 [INFO] ApiDb:250 - Set database path to: /home/pablo/.stmcufinder/plugins/mcufinder//mcu/
2024-03-07 01:39:08,702 [INFO] DbMcusAds:125 - Set database path to: /home/pablo/.stmcufinder/plugins/mcufinder//mcu/
2024-03-07 01:39:08,704 [INFO] CrossReferenceDbSqlite:203 - Set database path to: /home/pablo/.stmcufinder/plugins/mcufinder//mcu/cs/
2024-03-07 01:39:08,830 [INFO] RulesReader:64 - Compatibility file has been processed (297 Rules)
2024-03-07 01:39:08,936 [INFO] DbMcusXml:78 - Set database path to: /opt/st/stm32cubeide_1.14.0/plugins/com.st.stm32cube.common.mx_6.10.0.202311202037//db//mcu/
2024-03-07 01:39:08,936 [INFO] ApiDb:274 - Set plugin database path to: /opt/st/stm32cubeide_1.14.0/plugins/com.st.stm32cube.common.mx_6.10.0.202311202037//db//plugins/boardmanager/
2024-03-07 01:39:08,937 [INFO] ApiDb:261 - Set plugin images path to: /opt/st/stm32cubeide_1.14.0/plugins/com.st.stm32cube.common.mx_6.10.0.202311202037//db//plugins/mcufinder/images/
2024-03-07 01:39:08,937 [WARN] DbFile:41 - Overriding database path with different value: /home/pablo/.stmcufinder/plugins/mcufinder/ => /home/pablo/.stmcufinder/plugins/mcufinder
2024-03-07 01:39:08,938 [INFO] ApiDb:250 - Set database path to: /home/pablo/.stmcufinder/plugins/mcufinder//mcu/
2024-03-07 01:39:08,938 [WARN] DbFile:41 - Overriding database path with different value: /home/pablo/.stmcufinder/plugins/mcufinder/ => /home/pablo/.stmcufinder/plugins/mcufinder
2024-03-07 01:39:08,938 [INFO] DbMcusAds:125 - Set database path to: /home/pablo/.stmcufinder/plugins/mcufinder//mcu/
2024-03-07 01:39:08,938 [WARN] DbFile:41 - Overriding database path with different value: /home/pablo/.stmcufinder/plugins/mcufinder/ => /home/pablo/.stmcufinder/plugins/mcufinder
2024-03-07 01:39:08,938 [WARN] DbFile:41 - Overriding database path with different value: /home/pablo/.stmcufinder/plugins/mcufinder/ => /home/pablo/.stmcufinder/plugins/mcufinder
2024-03-07 01:39:08,938 [INFO] CrossReferenceDbSqlite:203 - Set database path to: /home/pablo/.stmcufinder/plugins/mcufinder//mcu/cs/
2024-03-07 01:39:09,026 [INFO] MainPanel:264 - HeapMemory: 268435456
2024-03-07 01:39:09,091 [INFO] DbMcusXml:78 - Set database path to: /opt/st/stm32cubeide_1.14.0/plugins/com.st.stm32cube.common.mx_6.10.0.202311202037//db//mcu/
2024-03-07 01:39:09,092 [INFO] ApiDb:274 - Set plugin database path to: /opt/st/stm32cubeide_1.14.0/plugins/com.st.stm32cube.common.mx_6.10.0.202311202037//db//plugins/boardmanager/
2024-03-07 01:39:09,092 [INFO] ApiDb:261 - Set plugin images path to: /opt/st/stm32cubeide_1.14.0/plugins/com.st.stm32cube.common.mx_6.10.0.202311202037//db//plugins/mcufinder/images/
2024-03-07 01:39:09,092 [WARN] DbFile:41 - Overriding database path with different value: /home/pablo/.stmcufinder/plugins/mcufinder/ => /home/pablo/.stmcufinder/plugins/mcufinder
2024-03-07 01:39:09,092 [INFO] ApiDb:250 - Set database path to: /home/pablo/.stmcufinder/plugins/mcufinder//mcu/
2024-03-07 01:39:09,092 [WARN] DbFile:41 - Overriding database path with different value: /home/pablo/.stmcufinder/plugins/mcufinder/ => /home/pablo/.stmcufinder/plugins/mcufinder
2024-03-07 01:39:09,092 [INFO] DbMcusAds:125 - Set database path to: /home/pablo/.stmcufinder/plugins/mcufinder//mcu/
2024-03-07 01:39:09,092 [WARN] DbFile:41 - Overriding database path with different value: /home/pablo/.stmcufinder/plugins/mcufinder/ => /home/pablo/.stmcufinder/plugins/mcufinder
2024-03-07 01:39:09,093 [WARN] DbFile:41 - Overriding database path with different value: /home/pablo/.stmcufinder/plugins/mcufinder/ => /home/pablo/.stmcufinder/plugins/mcufinder
2024-03-07 01:39:09,093 [INFO] CrossReferenceDbSqlite:203 - Set database path to: /home/pablo/.stmcufinder/plugins/mcufinder//mcu/cs/
2024-03-07 01:39:09,107 [INFO] ApplicationProperties:184 - Using Application install path: /opt/st/stm32cubeide_1.14.0/plugins/com.st.stm32cube.common.mx_6.10.0.202311202037
2024-03-07 01:39:09,108 [INFO] PluginManage:196 - Search for loadable plugins [exclusion list=, ]
2024-03-07 01:39:09,109 [INFO] PluginManage:310 - Check plugin analytics
2024-03-07 01:39:09,258 [INFO] AnalyticsPlugin:253 - Accepted Software Licenses: 
2024-03-07 01:39:09,258 [INFO] AnalyticsPlugin:255 - Accepted CMSIS Pack Licenses: 
2024-03-07 01:39:09,258 [INFO] AnalyticsPlugin:257 - Accepted Firmware Licenses: 
2024-03-07 01:39:09,261 [INFO] PluginManage:359 - Loaded plugin analytics (category:tool,tabindex:-1)
2024-03-07 01:39:09,261 [INFO] PluginManage:310 - Check plugin cadmodel
2024-03-07 01:39:09,284 [INFO] CADModel:105 - Init CAD model plugin
2024-03-07 01:39:09,285 [INFO] PluginManage:359 - Loaded plugin cadmodel (category:power,tabindex:5)
2024-03-07 01:39:09,285 [INFO] PluginManage:310 - Check plugin clock
2024-03-07 01:39:09,294 [INFO] PluginManage:359 - Loaded plugin clock (category:base,tabindex:2)
2024-03-07 01:39:09,295 [INFO] PluginManage:310 - Check plugin ddr
2024-03-07 01:39:09,297 [INFO] PluginManage:359 - Loaded plugin ddr (category:tool,tabindex:6)
2024-03-07 01:39:09,297 [INFO] PluginManage:310 - Check plugin filemanager
2024-03-07 01:39:09,431 [INFO] PluginManage:359 - Loaded plugin filemanager (category:base,tabindex:10)
2024-03-07 01:39:09,431 [INFO] PluginManage:310 - Check plugin ipmanager
2024-03-07 01:39:09,436 [INFO] PluginManage:359 - Loaded plugin ipmanager (category:base,tabindex:5)
2024-03-07 01:39:09,437 [INFO] PluginManage:310 - Check plugin lpbam
2024-03-07 01:39:09,447 [INFO] PluginManage:359 - Loaded plugin lpbam (category:base,tabindex:0)
2024-03-07 01:39:09,447 [INFO] PluginManage:310 - Check plugin memorymap
2024-03-07 01:39:09,457 [INFO] PluginManage:359 - Loaded plugin memorymap (category:base,tabindex:4)
2024-03-07 01:39:09,457 [INFO] PluginManage:310 - Check plugin pinoutandconfiguration
2024-03-07 01:39:09,463 [INFO] PluginManage:359 - Loaded plugin pinoutandconfiguration (category:base,tabindex:1)
2024-03-07 01:39:09,463 [INFO] PluginManage:310 - Check plugin pinoutconfig
2024-03-07 01:39:09,567 [WARN] SupportedApi:132 - Cannot load RTOS API schema: s4s-elt-must-match.1: The content of 'definitions' must match (annotation?, (simpleType | complexType)?, (unique | key | keyref)*)). A problem was found starting at: attribute.
2024-03-07 01:39:09,814 [INFO] PluginManage:359 - Loaded plugin pinoutconfig (category:base,tabindex:0)
2024-03-07 01:39:09,815 [INFO] PluginManage:310 - Check plugin power
2024-03-07 01:39:09,845 [INFO] PluginManage:359 - Loaded plugin power (category:power,tabindex:4)
2024-03-07 01:39:09,845 [INFO] PluginManage:310 - Check plugin projectmanager
2024-03-07 01:39:09,869 [INFO] PluginManage:359 - Loaded plugin projectmanager (category:projectmanager,tabindex:3)
2024-03-07 01:39:09,869 [INFO] PluginManage:310 - Check plugin thirdparty
2024-03-07 01:39:09,986 [INFO] PluginManage:359 - Loaded plugin thirdparty (category:base,tabindex:-1)
2024-03-07 01:39:09,986 [INFO] PluginManage:310 - Check plugin tools
2024-03-07 01:39:09,988 [INFO] PluginManage:359 - Loaded plugin tools (category:base,tabindex:7)
2024-03-07 01:39:09,988 [INFO] PluginManage:310 - Check plugin tutovideos
2024-03-07 01:39:09,992 [WARN] IntegrityCheckThread:84 - waiting for thirdparty lock release [integrity check]
2024-03-07 01:39:09,993 [INFO] IntegrityCheckThread:86 - entering critical section [integrity check]
2024-03-07 01:39:10,002 [INFO] ThirdPartyUpdaterWithRetryManager:70 - Updater plugin not ready yet. [1/15]
2024-03-07 01:39:10,141 [INFO] PluginManage:359 - Loaded plugin tutovideos (category:base,tabindex:-1)
2024-03-07 01:39:10,147 [INFO] PluginManage:310 - Check plugin updater
2024-03-07 01:39:10,154 [INFO] PluginManage:359 - Loaded plugin updater (category:base,tabindex:12)
2024-03-07 01:39:10,155 [INFO] PluginManage:310 - Check plugin userauth
2024-03-07 01:39:10,158 [INFO] UserAuth:114 - Init User Auth plugin
2024-03-07 01:39:10,158 [INFO] PluginManage:359 - Loaded plugin userauth (category:base,tabindex:14)
2024-03-07 01:39:10,159 [INFO] PluginManage:283 - PluginManage : Loaded plugins [17]
2024-03-07 01:39:10,327 [INFO] PinOutPanel:1499 - setPackage(No Configuration,No Configuration)
2024-03-07 01:39:10,380 [INFO] CADModel:165 - CPN selected for project level
2024-03-07 01:39:10,380 [INFO] CADModel:114 - Register for checkConnection events
2024-03-07 01:39:10,387 [INFO] IPUIPlugin:80 - create IPUIPlugin
2024-03-07 01:39:10,387 [INFO] PluginManager:220 - loadIPPluginJar : add ucpd
2024-03-07 01:39:10,391 [INFO] IPUIPlugin:80 - create IPUIPlugin
2024-03-07 01:39:10,391 [INFO] PluginManager:220 - loadIPPluginJar : add cryp
2024-03-07 01:39:10,393 [INFO] IPUIPlugin:80 - create IPUIPlugin
2024-03-07 01:39:10,393 [INFO] PluginManager:220 - loadIPPluginJar : add tsc
2024-03-07 01:39:10,396 [INFO] IPUIPlugin:80 - create IPUIPlugin
2024-03-07 01:39:10,397 [INFO] PluginManager:220 - loadIPPluginJar : add resmgrutility
2024-03-07 01:39:10,399 [INFO] IPUIPlugin:80 - create IPUIPlugin
2024-03-07 01:39:10,399 [INFO] PluginManager:220 - loadIPPluginJar : add usart
2024-03-07 01:39:10,401 [INFO] IPUIPlugin:80 - create IPUIPlugin
2024-03-07 01:39:10,402 [INFO] PluginManager:220 - loadIPPluginJar : add touchsensing
2024-03-07 01:39:10,406 [INFO] IPUIPlugin:80 - create IPUIPlugin
2024-03-07 01:39:10,409 [INFO] PluginManager:220 - loadIPPluginJar : add plateformsettings
2024-03-07 01:39:10,413 [INFO] IPUIPlugin:80 - create IPUIPlugin
2024-03-07 01:39:10,413 [INFO] PluginManager:220 - loadIPPluginJar : add gic
2024-03-07 01:39:10,415 [INFO] IPUIPlugin:80 - create IPUIPlugin
2024-03-07 01:39:10,415 [INFO] PluginManager:220 - loadIPPluginJar : add lorawan
2024-03-07 01:39:10,417 [INFO] IPUIPlugin:80 - create IPUIPlugin
2024-03-07 01:39:10,418 [INFO] PluginManager:220 - loadIPPluginJar : add hash
2024-03-07 01:39:10,420 [INFO] IPUIPlugin:80 - create IPUIPlugin
2024-03-07 01:39:10,421 [INFO] PluginManager:220 - loadIPPluginJar : add pdm2pcm
2024-03-07 01:39:10,425 [INFO] IPUIPlugin:80 - create IPUIPlugin
2024-03-07 01:39:10,425 [INFO] PluginManager:220 - loadIPPluginJar : add freertos
2024-03-07 01:39:10,428 [INFO] IPUIPlugin:80 - create IPUIPlugin
2024-03-07 01:39:10,429 [INFO] PluginManager:220 - loadIPPluginJar : add nvic
2024-03-07 01:39:10,430 [INFO] IPUIPlugin:80 - create IPUIPlugin
2024-03-07 01:39:10,431 [INFO] PluginManager:220 - loadIPPluginJar : add dma3
2024-03-07 01:39:10,434 [INFO] IPUIPlugin:80 - create IPUIPlugin
2024-03-07 01:39:10,434 [INFO] PluginManager:220 - loadIPPluginJar : add stm32_wpan
2024-03-07 01:39:10,435 [INFO] IPUIPlugin:80 - create IPUIPlugin
2024-03-07 01:39:10,435 [INFO] PluginManager:220 - loadIPPluginJar : add comp
2024-03-07 01:39:10,437 [INFO] IPUIPlugin:80 - create IPUIPlugin
2024-03-07 01:39:10,437 [INFO] PluginManager:220 - loadIPPluginJar : add opamp
2024-03-07 01:39:10,440 [INFO] IPUIPlugin:80 - create IPUIPlugin
2024-03-07 01:39:10,441 [INFO] PluginManager:220 - loadIPPluginJar : add mdma
2024-03-07 01:39:10,442 [INFO] IPUIPlugin:80 - create IPUIPlugin
2024-03-07 01:39:10,442 [INFO] PluginManager:220 - loadIPPluginJar : add i3c
2024-03-07 01:39:10,443 [INFO] IPUIPlugin:80 - create IPUIPlugin
2024-03-07 01:39:10,443 [INFO] PluginManager:220 - loadIPPluginJar : add quadspi
2024-03-07 01:39:10,445 [INFO] IPUIPlugin:80 - create IPUIPlugin
2024-03-07 01:39:10,445 [INFO] PluginManager:220 - loadIPPluginJar : add i2c
2024-03-07 01:39:10,446 [INFO] IPUIPlugin:80 - create IPUIPlugin
2024-03-07 01:39:10,446 [INFO] PluginManager:220 - loadIPPluginJar : add tim
2024-03-07 01:39:10,448 [INFO] IPUIPlugin:80 - create IPUIPlugin
2024-03-07 01:39:10,448 [INFO] PluginManager:220 - loadIPPluginJar : add aes
2024-03-07 01:39:10,452 [INFO] IPUIPlugin:80 - create IPUIPlugin
2024-03-07 01:39:10,452 [INFO] PluginManager:220 - loadIPPluginJar : add adc
2024-03-07 01:39:10,454 [INFO] IPUIPlugin:80 - create IPUIPlugin
2024-03-07 01:39:10,454 [INFO] PluginManager:220 - loadIPPluginJar : add gpio
2024-03-07 01:39:10,456 [INFO] IPUIPlugin:80 - create IPUIPlugin
2024-03-07 01:39:10,456 [INFO] PluginManager:220 - loadIPPluginJar : add genericplugin
2024-03-07 01:39:10,457 [INFO] IPUIPlugin:80 - create IPUIPlugin
2024-03-07 01:39:10,458 [INFO] PluginManager:220 - loadIPPluginJar : add i2s
2024-03-07 01:39:10,459 [INFO] IPUIPlugin:80 - create IPUIPlugin
2024-03-07 01:39:10,459 [INFO] PluginManager:220 - loadIPPluginJar : add gfxmmu
2024-03-07 01:39:10,461 [INFO] IPUIPlugin:80 - create IPUIPlugin
2024-03-07 01:39:10,461 [INFO] PluginManager:220 - loadIPPluginJar : add gtzc
2024-03-07 01:39:10,462 [INFO] IPUIPlugin:80 - create IPUIPlugin
2024-03-07 01:39:10,462 [INFO] PluginManager:220 - loadIPPluginJar : add ts
2024-03-07 01:39:10,463 [INFO] IPUIPlugin:80 - create IPUIPlugin
2024-03-07 01:39:10,463 [INFO] PluginManager:220 - loadIPPluginJar : add tracer_emb
2024-03-07 01:39:10,465 [INFO] IPUIPlugin:80 - create IPUIPlugin
2024-03-07 01:39:10,465 [INFO] PluginManager:220 - loadIPPluginJar : add ipddr
2024-03-07 01:39:10,467 [INFO] IPUIPlugin:80 - create IPUIPlugin
2024-03-07 01:39:10,468 [INFO] PluginManager:220 - loadIPPluginJar : add sai
2024-03-07 01:39:10,469 [INFO] IPUIPlugin:80 - create IPUIPlugin
2024-03-07 01:39:10,470 [INFO] PluginManager:220 - loadIPPluginJar : add openamp
2024-03-07 01:39:10,472 [INFO] IPUIPlugin:80 - create IPUIPlugin
2024-03-07 01:39:10,472 [INFO] PluginManager:220 - loadIPPluginJar : add fmc
2024-03-07 01:39:10,474 [INFO] IPUIPlugin:80 - create IPUIPlugin
2024-03-07 01:39:10,474 [INFO] PluginManager:220 - loadIPPluginJar : add can
2024-03-07 01:39:10,475 [INFO] IPUIPlugin:80 - create IPUIPlugin
2024-03-07 01:39:10,475 [INFO] PluginManager:220 - loadIPPluginJar : add fatfs
2024-03-07 01:39:10,476 [INFO] IPUIPlugin:80 - create IPUIPlugin
2024-03-07 01:39:10,476 [INFO] PluginManager:220 - loadIPPluginJar : add ltdc
2024-03-07 01:39:10,480 [INFO] IPUIPlugin:80 - create IPUIPlugin
2024-03-07 01:39:10,481 [INFO] PluginManager:220 - loadIPPluginJar : add linkedlist
2024-03-07 01:39:10,482 [INFO] IPUIPlugin:80 - create IPUIPlugin
2024-03-07 01:39:10,482 [INFO] PluginManager:220 - loadIPPluginJar : add dfsdm
2024-03-07 01:39:10,486 [INFO] IPUIPlugin:80 - create IPUIPlugin
2024-03-07 01:39:10,487 [INFO] PluginManager:220 - loadIPPluginJar : add dma
2024-03-07 01:39:10,488 [INFO] IPUIPlugin:80 - create IPUIPlugin
2024-03-07 01:39:10,488 [INFO] PluginManager:220 - loadIPPluginJar : add spi
2024-03-07 01:39:10,490 [INFO] IPUIPlugin:80 - create IPUIPlugin
2024-03-07 01:39:10,490 [INFO] PluginManager:220 - loadIPPluginJar : add usbx
2024-03-07 01:39:10,596 [INFO] CADModel:165 - CPN selected for project level
2024-03-07 01:39:10,597 [INFO] CADModel:114 - Register for checkConnection events
2024-03-07 01:39:10,597 [FATAL] Updater:308 - Updater called before beeing initialized
2024-03-07 01:39:10,597 [ERROR] CADModel:125 - Updater not yet initialized, retry later 
2024-03-07 01:39:10,705 [INFO] CADModel:165 - CPN selected for project level
2024-03-07 01:39:10,706 [INFO] CADModel:114 - Register for checkConnection events
2024-03-07 01:39:10,706 [FATAL] Updater:308 - Updater called before beeing initialized
2024-03-07 01:39:10,706 [ERROR] CADModel:125 - Updater not yet initialized, retry later 
2024-03-07 01:39:10,709 [FATAL] Updater:308 - Updater called before beeing initialized
2024-03-07 01:39:10,785 [FATAL] Updater:308 - Updater called before beeing initialized
2024-03-07 01:39:10,789 [INFO] DbMcusAds:53 - JSON generation date=Thu Sep 30 03:55:09 ART 2021 (1632984909247)
2024-03-07 01:39:10,789 [FATAL] Updater:308 - Updater called before beeing initialized
2024-03-07 01:39:10,824 [WARN] DetailPanel:346 - Failed to get advertising image, set to default
2024-03-07 01:39:10,926 [FATAL] Updater:308 - Updater called before beeing initialized
2024-03-07 01:39:10,927 [FATAL] Updater:308 - Updater called before beeing initialized
2024-03-07 01:39:10,927 [FATAL] Updater:308 - Updater called before beeing initialized
2024-03-07 01:39:10,927 [WARN] DetailPanel:346 - Failed to get advertising image, set to default
2024-03-07 01:39:10,928 [FATAL] Updater:308 - Updater called before beeing initialized
2024-03-07 01:39:10,963 [ERROR] Updater:1120 - MainUpdater not yet initialized. External WinMGr cannot be set.
2024-03-07 01:39:10,967 [INFO] Updater:1056 - Updater Version found : 6.10.0
2024-03-07 01:39:10,984 [INFO] ApplicationProperties:184 - Using Application install path: /opt/st/stm32cubeide_1.14.0/plugins/com.st.stm32cube.common.mx_6.10.0.202311202037
2024-03-07 01:39:10,998 [ERROR] LogOutputStream:75 - [STDERR_REDIRECT] Mar 07, 2024 1:39:10 AM java.util.prefs.FileSystemPreferences$2 run
2024-03-07 01:39:10,999 [ERROR] LogOutputStream:75 - [STDERR_REDIRECT] WARNING: Could not create system preferences directory. System preferences are unusable.
2024-03-07 01:39:10,999 [ERROR] LogOutputStream:75 - [STDERR_REDIRECT] 
2024-03-07 01:39:11,243 [INFO] MainUpdater:2873 - connection check result : 10
2024-03-07 01:39:11,244 [INFO] MainUpdater:290 - Updater Check For Update Now.
2024-03-07 01:39:11,244 [INFO] MicroXplorer:498 - Change Database Version : DB.6.0.100
2024-03-07 01:39:11,248 [INFO] McuFinderGlobals:63 - Set McuFinder mode to 2 (CubeIDE integrated)
2024-03-07 01:39:11,248 [INFO] UserAuth:180 - activating auth plugin
2024-03-07 01:39:11,252 [INFO] UserAuth:404 - Internet connection configuration mode: 1
2024-03-07 01:39:11,264 [INFO] JxBrowserEngine:152 - Initiate JxBrowser Engine with user profile folder
2024-03-07 01:39:11,455 [INFO] CheckServerUpdateThread:120 - End of CheckServer Thread
2024-03-07 01:39:12,004 [INFO] WebApp:161 - Instantiating new browser for Auth
2024-03-07 01:39:12,572 [INFO] WebApp:780 - Register for checkConnection events
2024-03-07 01:39:12,573 [INFO] WebApp:414 - Apply proxy settings
2024-03-07 01:39:12,573 [INFO] WebApp:499 - Chromium requires no authentication
2024-03-07 01:39:12,578 [INFO] WebApp:442 - Direct internet connection detected
2024-03-07 01:39:12,691 [INFO] WebApp:192 - Starting web application
2024-03-07 01:39:12,691 [INFO] WebApp:544 - Web application path used /opt/st/stm32cubeide_1.14.0/plugins/com.st.stm32cube.common.mx_6.10.0.202311202037/db/plugins/mcufinder/reactClient1/index.html
2024-03-07 01:39:13,112 [WARN] PackLoader:240 - Cannot read IP mode file for STMicroelectronics.FP-ATR-ASTRA1.2.0.0
2024-03-07 01:39:13,114 [INFO] ThirdParty:978 - Integrity check success = true
2024-03-07 01:39:13,115 [INFO] IntegrityCheckThread:100 - exiting critical section [integrity check]
2024-03-07 01:39:13,115 [INFO] IntegrityCheckThread:103 - End integrity checks thread
2024-03-07 01:39:33,125 [ERROR] LogOutputStream:75 - [STDERR_REDIRECT] SLF4J: Failed to load class "org.slf4j.impl.StaticLoggerBinder".
2024-03-07 01:39:33,125 [ERROR] LogOutputStream:75 - [STDERR_REDIRECT] SLF4J: Defaulting to no-operation (NOP) logger implementation
2024-03-07 01:39:33,126 [ERROR] LogOutputStream:75 - [STDERR_REDIRECT] SLF4J: See http://www.slf4j.org/codes.html#StaticLoggerBinder for further details.
2024-03-07 01:39:35,278 [ERROR] LogOutputStream:75 - [STDERR_REDIRECT] Mar 07, 2024 1:39:35 AM java.util.prefs.FileSystemPreferences checkLockFile0ErrorCode
2024-03-07 01:39:35,279 [ERROR] LogOutputStream:75 - [STDERR_REDIRECT] WARNING: Could not lock System prefs. Unix error code 32652.
2024-03-07 01:39:35,279 [ERROR] LogOutputStream:75 - [STDERR_REDIRECT] 
2024-03-07 01:39:35,279 [ERROR] LogOutputStream:75 - [STDERR_REDIRECT] Mar 07, 2024 1:39:35 AM java.util.prefs.FileSystemPreferences syncWorld
2024-03-07 01:39:35,279 [ERROR] LogOutputStream:75 - [STDERR_REDIRECT] WARNING: Couldn't flush system prefs: java.util.prefs.BackingStoreException: Couldn't get file lock.
2024-03-07 01:39:35,280 [ERROR] LogOutputStream:75 - [STDERR_REDIRECT] 
2024-03-07 01:39:58,789 [ERROR] LogOutputStream:75 - [STDERR_REDIRECT] 
2024-03-07 01:39:58,790 [ERROR] LogOutputStream:75 - [STDERR_REDIRECT] 
